750
364
61 40
291 271
53 118
904 469
350 721
897 995
47 657
545 128
200 376
343 464
497
37 461
474 289
518 339
889
991 788
214 856
858 318
833 104
18 324
365 817
437 117
134 643
105 150
275
586 659
334
119 631
868 12
803
138 215
387
430
507
932 101
630 525
628 579
57 759
534 797
188 697
957 27
256 553
903 401
595 511
11
458 800
996 563
738
635 676
818 243
681 513
591
993 837
145
768
44 715
960 32
23
567
596
171 796
48
424 487
250 915
454 409
123 847
581 670
912 916
169 155
758 985
619 375
81
450
744 862
982 248
69 789
386 481
432 590
664 709
999 392
705 751
398 413
584
102 945
320
336 773
967 564
91 881
922
393
571 977
689 524
603 834
196
436
973 782
290 562
202
185 600
152 841
677
144 846
257 157
65 344
921
809
711 80
761
479
938
526
939
359 10
125
951
570
241
585 327
162 252
199 438
66 422
403 901
51 428
927 36
798 88
402 861
937 218
55 297
615 828
763 710
254
277
624 882
231 444
510 153
872 498
28
355 95
815
622 86
712
496 108
947 116
684 146
876 665
930 382
918 96
457
237 408
950
129 307
124 447
683 750
263 840
60
9
383 266
190 372
871 717
371 617
262 568
465 661
204 636
714 527
244 455
233
358
550
151 99
415 67
173 285
331 482
936
535 814
923
556
341 883
179
770 165
495 238
706
896
638
163 8
911 838
311
988 68
181
820
109
997
795 368
726 394
620 30
559
887
160 965
468
216
407 249
728
126 961
582 686
26 471
969
517 417
554
390 558
551
20 399
50
93 97
391
443 353
182 599
147 172
226 501
295 198
452 470
825 703
183 306
984 335
860
54 866
735 587
38
423
756
760 769
31 337
992
641
522 544
924
255
247
578 979
176
949 270
723
627
959
280 414
416
332
778
361
314
272
609 529
25
855
542 466
228
942
504
166
805 418
508
574
807
675 475
115 653
899
494 94
460
874
131 583
707
745
451
406
742
533
737 523
543 762
629
813 946
753 808
956 259
557
509
114 673
806 227
532
149
645
652
5
634 273
787
490 385
462
771
560
576
229
632 573
221 288
313
472
725
907
663
870
731 885
713
604
577 46
283
637 666
863
269 793
106
644
309
156 601
598 902
962
246 236
572 15
201
476 552
727
463
698 304
302
505
63
345 816
802
139
405 928
695 537
864
740 781
484 76
880
4
516
384 607
662 143
867
767
260
877
743
492 774
980 943
379
687
777
209
191 720
990 910
489
978
722
794 884
261
459 363
301
736
488
64 242
433
41
605
964
78
286
103
388 625
112
177
835 547
90
589 699
859
340
500
906
58 765
87
561
647
473
360
648
292
693
154
503 701
411
148
512 410
253 133
349
528 79
100
74
483
958 824
716 158
746
886
708
77
852
168 618
89
300
321 373
810 608
404
370
159
329
972
829
878
298
19
446
258
688
92
514
222
869
919 0
594
830
419 612
333
251
669
783 974
3
440
719
944
616
971
205
445 752
775
22
555
734
189
49 801
779
449 909
839
178
279
898 207
107
448
396
682
633 929
217
127
580 366
718
354
905
13
606
287
113
175 310
34
894 981
730
934 968
299
186
757
952 879
935
111
875
799
265
823
844
420
240
174
704
700 6
427 668
747
678
836
195 873
987
467
194
749 941
900
546
566 521
626
893
347
98
140
62
853 2
71 72
694
351
357
317
486
691
389
519
235
611
348
702
888
429
187
75
892 59
832 234
478 206
45
14
502
623
397
588
989
940 264
439
82 224
374
672
210
539
1
83
426 891
431
790
29
342
499
485
480
654
784
549
679
819
346
540
791
369
953 52
121
219
278
649
655
671
776
193
994
141
674 137
640
890
493
826
356
933
685 857
660 338
913
225
212
851
739
330 920
975
161 85
822
729
812
650
315
136
639
223 84
766
646
442
213
16
208
167
998
821
56
305
421
541
983
312
954
377
274
530
917
400
593
180 548
378
70
456
282
970
575
435
268
658
780
955
538
785
412
680
245
380
232
441
352
741
755
184
24
281
239
786
732
565
854
754
926
316
621
614
7
963
323
914
602
220
610
132
322 651
211
925
696 395
792
362
733
772
692
267
381
848
230
515
569
434 130
597
477
724
849
21
203
328
197
908
276
42
804
35
831
531
976
642
192
367
506
303
592
986
948
120
325
73
931
850
294
842
613
764
164
845
520
284
536
667
296
43
110
811
843
453
966
17
326
865
827
33
122
690
748
135
39
656
319
491
308
895
142
293
425
170